<?xml version="1.0" encoding="UTF-8"?>
<!-- Generated by org.testng.reporters.JUnitXMLReporter -->
<testsuite ignored="0" hostname="INLEN8520040912" failures="1" tests="11" name="Test" time="214.496" errors="0" timestamp="2022-11-24T12:09:01 IST">
  <testcase classname="tests.TestNGDemo" name="Shop_ColorSelection_Display" time="9.008"/>
  <testcase classname="tests.TestNGDemo" name="Shop_ColorSelection_Content" time="16.389"/>
  <testcase classname="tests.TestNGDemo" name="Shop_EmptyCart" time="0.36"/>
  <testcase classname="tests.TestNGDemo" name="Buy_NoLoginNoBuy" time="26.495"/>
  <testcase classname="tests.TestNGDemo" name="Buy_AccessBag" time="0.47"/>
  <testcase classname="tests.TestNGDemo" name="Pincode_InvalidPincode" time="18.277"/>
  <testcase classname="tests.TestNGDemo" name="Pincode_PincodeFormDisplay" time="20.711"/>
  <testcase classname="tests.TestNGDemo" name="Pincode_MissingPincode" time="13.509"/>
  <testcase classname="tests.TestNGDemo" name="Pincode_ValidPincode" time="6.822"/>
  <testcase classname="tests.TestNGDemo" name="Pincode_ItemNotInCart" time="16.304"/>
  <testcase classname="tests.TestNGDemo" name="Shop_Redirection" time="4.793">
    <failure type="java.lang.AssertionError" message="expected [Self-dhesive Wallpaper Range] but found [Self-Adhesive Wallpaper Range]">
      <![CDATA[java.lang.AssertionError: expected [Self-dhesive Wallpaper Range] but found [Self-Adhesive Wallpaper Range]
at tests.TestNGDemo.Shop_Redirection(TestNGDemo.java:70)
at java.base/java.util.ArrayList.forEach(ArrayList.java:1511)
... Removed 33 stack frames]]>
    </failure>
  </testcase> <!-- Shop_Redirection -->
</testsuite> <!-- Test -->
