<?xml version="1.0" encoding="UTF-8"?>
<!-- Generated by org.testng.reporters.JUnitXMLReporter -->
<testsuite ignored="10" hostname="INLEN8520040912" failures="0" tests="1" name="Default test" time="19.188" errors="0" timestamp="2022-11-25T09:18:09 IST">
  <testcase classname="tests.TestNGDemo" name="Pincode_InvalidPincode" time="6.994"/>
  <testcase classname="tests.TestNGDemo" name="Shop_Redirection" time="0.0">
    <ignored/>
  </testcase> <!-- Shop_Redirection -->
  <testcase classname="tests.TestNGDemo" name="Pincode_PincodeFormDisplay" time="0.0">
    <ignored/>
  </testcase> <!-- Pincode_PincodeFormDisplay -->
  <testcase classname="tests.TestNGDemo" name="Shop_ColorSelection_Content" time="0.0">
    <ignored/>
  </testcase> <!-- Shop_ColorSelection_Content -->
  <testcase classname="tests.TestNGDemo" name="Pincode_MissingPincode" time="0.0">
    <ignored/>
  </testcase> <!-- Pincode_MissingPincode -->
  <testcase classname="tests.TestNGDemo" name="Shop_ColorSelection_Display" time="0.0">
    <ignored/>
  </testcase> <!-- Shop_ColorSelection_Display -->
  <testcase classname="tests.TestNGDemo" name="Buy_AccessBag" time="0.0">
    <ignored/>
  </testcase> <!-- Buy_AccessBag -->
  <testcase classname="tests.TestNGDemo" name="Shop_EmptyCart" time="0.0">
    <ignored/>
  </testcase> <!-- Shop_EmptyCart -->
  <testcase classname="tests.TestNGDemo" name="Buy_NoLoginNoBuy" time="0.0">
    <ignored/>
  </testcase> <!-- Buy_NoLoginNoBuy -->
  <testcase classname="tests.TestNGDemo" name="Pincode_ItemNotInCart" time="0.0">
    <ignored/>
  </testcase> <!-- Pincode_ItemNotInCart -->
  <testcase classname="tests.TestNGDemo" name="Pincode_ValidPincode" time="0.0">
    <ignored/>
  </testcase> <!-- Pincode_ValidPincode -->
</testsuite> <!-- Default test -->
